<?xml version="1.0" encoding="UTF-8"?>
<!-- Generated by org.testng.reporters.JUnitXMLReporter -->
<testsuite ignored="0" hostname="HP" failures="0" tests="8" name="Default test" time="63.923" errors="0" timestamp="2022-11-21T08:20:18 GMT+13:00">
  <testcase classname="com.Maven_pro.Test_class" name="browser_launch" time="10.648"/>
  <testcase classname="com.Maven_pro.Test_class" name="url" time="17.015"/>
  <testcase classname="com.Maven_pro.Test_class" name="login" time="6.143"/>
  <testcase classname="com.Maven_pro.Test_class" name="search_hotel" time="5.318"/>
  <testcase classname="com.Maven_pro.Test_class" name="select_conti" time="5.807"/>
  <testcase classname="com.Maven_pro.Test_class" name="booking_process" time="1.663"/>
  <testcase classname="com.Maven_pro.Test_class" name="enter_bank_details" time="2.384"/>
  <testcase classname="com.Maven_pro.Test_class" name="confirn_book" time="13.993"/>
</testsuite> <!-- Default test -->
