<?xml version="1.0" encoding="UTF-8"?>
<testng-results ignored="0" total="8" passed="8" failed="0" skipped="0">
  <reporter-output>
  </reporter-output>
  <suite started-at="2022-11-21T08:19:14 GMT+13:00" name="Default suite" finished-at="2022-11-21T08:20:18 GMT+13:00" duration-ms="63923">
    <groups>
    </groups>
    <test started-at="2022-11-21T08:19:14 GMT+13:00" name="Default test" finished-at="2022-11-21T08:20:18 GMT+13:00" duration-ms="63923">
      <class name="com.Maven_pro.Test_class">
        <test-method signature="browser_launch()[pri:0, instance:com.Maven_pro.Test_class@5ab956d7]" started-at="2022-11-21T08:19:14 GMT+13:00" name="browser_launch" finished-at="2022-11-21T08:19:25 GMT+13:00" duration-ms="10648" status="PASS">
          <reporter-output>
          </reporter-output>
        </test-method> <!-- browser_launch -->
        <test-method signature="url()[pri:0, instance:com.Maven_pro.Test_class@5ab956d7]" started-at="2022-11-21T08:19:25 GMT+13:00" name="url" description="url susscefully lauched" finished-at="2022-11-21T08:19:42 GMT+13:00" depends-on-methods="com.Maven_pro.Test_class.browser_launch" duration-ms="17015" status="PASS">
          <reporter-output>
          </reporter-output>
        </test-method> <!-- url -->
        <test-method signature="login()[pri:1, instance:com.Maven_pro.Test_class@5ab956d7]" started-at="2022-11-21T08:19:42 GMT+13:00" name="login" finished-at="2022-11-21T08:19:49 GMT+13:00" depends-on-methods="com.Maven_pro.Test_class.url" duration-ms="6143" status="PASS">
          <reporter-output>
          </reporter-output>
        </test-method> <!-- login -->
        <test-method signature="search_hotel()[pri:2, instance:com.Maven_pro.Test_class@5ab956d7]" started-at="2022-11-21T08:19:49 GMT+13:00" name="search_hotel" finished-at="2022-11-21T08:19:54 GMT+13:00" duration-ms="5318" status="PASS">
          <reporter-output>
          </reporter-output>
        </test-method> <!-- search_hotel -->
        <test-method signature="select_conti()[pri:0, instance:com.Maven_pro.Test_class@5ab956d7]" started-at="2022-11-21T08:19:54 GMT+13:00" name="select_conti" finished-at="2022-11-21T08:20:00 GMT+13:00" depends-on-methods="com.Maven_pro.Test_class.search_hotel" duration-ms="5807" status="PASS">
          <reporter-output>
          </reporter-output>
        </test-method> <!-- select_conti -->
        <test-method signature="booking_process()[pri:3, instance:com.Maven_pro.Test_class@5ab956d7]" started-at="2022-11-21T08:20:00 GMT+13:00" name="booking_process" finished-at="2022-11-21T08:20:02 GMT+13:00" duration-ms="1663" status="PASS">
          <reporter-output>
          </reporter-output>
        </test-method> <!-- booking_process -->
        <test-method signature="enter_bank_details()[pri:0, instance:com.Maven_pro.Test_class@5ab956d7]" started-at="2022-11-21T08:20:02 GMT+13:00" name="enter_bank_details" finished-at="2022-11-21T08:20:04 GMT+13:00" depends-on-methods="com.Maven_pro.Test_class.booking_process" duration-ms="2384" status="PASS">
          <reporter-output>
          </reporter-output>
        </test-method> <!-- enter_bank_details -->
        <test-method signature="confirn_book()[pri:4, instance:com.Maven_pro.Test_class@5ab956d7]" started-at="2022-11-21T08:20:04 GMT+13:00" name="confirn_book" finished-at="2022-11-21T08:20:18 GMT+13:00" duration-ms="13993" status="PASS">
          <reporter-output>
          </reporter-output>
        </test-method> <!-- confirn_book -->
      </class> <!-- com.Maven_pro.Test_class -->
    </test> <!-- Default test -->
  </suite> <!-- Default suite -->
</testng-results>
